Arguments: 
  /usr/local/bin/node /usr/local/bin/yarn install

PATH: 
  /usr/local/bin:/usr/bin:/bin:/usr/sbin:/sbin:/Users/zhouhan/Library/Android/sdk/tools:/Users/zhouhan/Library/Android/sdk/platform-tools

Yarn version: 
  1.3.2

Node version: 
  8.9.0

Platform: 
  darwin x64

npm manifest: 
  {
      "name": "liveplayer",
      "version": "1.0.0",
      "description": "a weex project",
      "main": "index.js",
      "keywords": [
          "weex"
      ],
      "author": "Zero<a2192466@163.com>",
      "license": "MIT",
      "dependencies": {
          "lodash": "^4.17.4",
          "url-parse": "^1.1.9"
      },
      "devDependencies": {
          "babel-core": "^6.20.0",
          "babel-loader": "^6.2.9",
          "babel-plugin-transform-runtime": "^6.23.0",
          "babel-preset-es2015": "^6.18.0",
          "babel-preset-stage-0": "^6.17.0",
          "babel-runtime": "^6.23.0",
          "weex-vue-render": "^0.1.0-beta.2"
      }
  }

yarn manifest: 
  No manifest

Lockfile: 
  No lockfile

Trace: 
  Error: getaddrinfo ENOTFOUND registry.npm.taobao.org registry.npm.taobao.org:443
      at errnoException (dns.js:50:10)
      at GetAddrInfoReqWrap.onlookup [as oncomplete] (dns.js:92:26)
